<?xml version="1.0" encoding="utf-8"?>
<TestRun id="eb4eaa84-8d22-4c40-acec-7334c8e1b980" name="SathijaDeshapriya@EYEPAXLK-LT-120 2025-11-26 15:09:28" runUser="AzureAD\SathijaDeshapriya" xmlns="http://microsoft.com/schemas/VisualStudio/TeamTest/2010">
  <Times creation="2025-11-26T15:09:28.4433863+05:30" queuing="2025-11-26T15:09:28.4433869+05:30" start="2025-11-26T15:09:08.2084193+05:30" finish="2025-11-26T15:09:34.1007552+05:30" />
  <TestSettings name="default" id="51878de6-d0da-44af-a645-6aa073bb70ec">
    <Deployment runDeploymentRoot="SathijaDeshapriya_EYEPAXLK-LT-120_2025-11-26_15_09_28" />
  </TestSettings>
  <Results>
    <UnitTestResult executionId="60535d7b-0996-40bd-9fa7-313b9dc0979b" testId="90300c6c-1f2f-514f-128e-706e173f76da" testName="Schedules.Api.Tests.ControllerAttributeTests.SchedulesController_EnforcesPolicies(methodName: &quot;GetMySchedules&quot;, expectedPolicy: &quot;Employee&quot;)" computerName="EYEPAXLK-LT-120" duration="00:00:00.0343054" startTime="2025-11-26T15:09:28.1713970+05:30" endTime="2025-11-26T15:09:28.1713974+05:30" testType="13cdc9d9-ddb5-4fa4-a97d-d965ccfc6d4b" outcome="Passed" testListId="8c84fa94-04c1-424b-9868-57a2d4851a1d" relativeResultsDirectory="60535d7b-0996-40bd-9fa7-313b9dc0979b" />
    <UnitTestResult executionId="a921544b-c673-4c61-8ed9-7ad86e85efac" testId="5b6e750b-cd47-42c9-1a52-25ec7973ec20" testName="Schedules.Api.Tests.ImportServiceTests.StartScheduleImportAsync_CreatesJobAndFiles" computerName="EYEPAXLK-LT-120" duration="00:00:04.1077034" startTime="2025-11-26T15:09:31.9938242+05:30" endTime="2025-11-26T15:09:31.9938250+05:30" testType="13cdc9d9-ddb5-4fa4-a97d-d965ccfc6d4b" outcome="Passed" testListId="8c84fa94-04c1-424b-9868-57a2d4851a1d" relativeResultsDirectory="a921544b-c673-4c61-8ed9-7ad86e85efac" />
    <UnitTestResult executionId="572bc18c-05b4-43c0-bcaf-2a40c78aee1d" testId="4a8da91a-91dc-2025-d0c5-fac08b5088bd" testName="Schedules.Api.Tests.WorkerTests.TaskNotificationWorker_SkipsWhenDisabled" computerName="EYEPAXLK-LT-120" duration="00:00:00.0250876" startTime="2025-11-26T15:09:32.5685573+05:30" endTime="2025-11-26T15:09:32.5685579+05:30" testType="13cdc9d9-ddb5-4fa4-a97d-d965ccfc6d4b" outcome="Passed" testListId="8c84fa94-04c1-424b-9868-57a2d4851a1d" relativeResultsDirectory="572bc18c-05b4-43c0-bcaf-2a40c78aee1d" />
    <UnitTestResult executionId="5038ee38-f041-4081-9176-6eb05129eae6" testId="ad6a43d8-7530-51bb-73b7-0322f5b4e055" testName="Schedules.Api.Tests.AvailabilityServiceTests.GetAsync_ReturnsLocalBusyOnlyWhenGraphDisabled" computerName="EYEPAXLK-LT-120" duration="00:00:00.2067879" startTime="2025-11-26T15:09:32.1662280+05:30" endTime="2025-11-26T15:09:32.1662285+05:30" testType="13cdc9d9-ddb5-4fa4-a97d-d965ccfc6d4b" outcome="Passed" testListId="8c84fa94-04c1-424b-9868-57a2d4851a1d" relativeResultsDirectory="5038ee38-f041-4081-9176-6eb05129eae6" />
    <UnitTestResult executionId="ff67828b-1b16-4c28-8877-d27be89af786" testId="803f1962-40bb-4771-58d8-607c9f84e39c" testName="Schedules.Api.Tests.ControllerAttributeTests.ImportsController_RequiresAdminPolicy(methodName: &quot;GetStatus&quot;)" computerName="EYEPAXLK-LT-120" duration="00:00:00.0007611" startTime="2025-11-26T15:09:28.2099198+05:30" endTime="2025-11-26T15:09:28.2099200+05:30" testType="13cdc9d9-ddb5-4fa4-a97d-d965ccfc6d4b" outcome="Passed" testListId="8c84fa94-04c1-424b-9868-57a2d4851a1d" relativeResultsDirectory="ff67828b-1b16-4c28-8877-d27be89af786" />
    <UnitTestResult executionId="4ec9904f-e194-4e43-9504-ec925f04b239" testId="16d025f3-8677-77d7-d64f-a296c1f87d3d" testName="Schedules.Api.Tests.ControllerAttributeTests.SchedulesController_EnforcesPolicies(methodName: &quot;Delete&quot;, expectedPolicy: &quot;AdminOnly&quot;)" computerName="EYEPAXLK-LT-120" duration="00:00:00.0002215" startTime="2025-11-26T15:09:28.2082295+05:30" endTime="2025-11-26T15:09:28.2082299+05:30" testType="13cdc9d9-ddb5-4fa4-a97d-d965ccfc6d4b" outcome="Passed" testListId="8c84fa94-04c1-424b-9868-57a2d4851a1d" relativeResultsDirectory="4ec9904f-e194-4e43-9504-ec925f04b239" />
    <UnitTestResult executionId="2eda8088-ab4f-413e-8748-d0ec91ebc7f6" testId="beedcd1c-822d-3976-614d-9cfbc7b1a9f1" testName="Schedules.Api.Tests.TaskServiceTests.AddNoteAsync_AppendsNoteAndReturnsPayload" computerName="EYEPAXLK-LT-120" duration="00:00:00.8750667" startTime="2025-11-26T15:09:33.0092386+05:30" endTime="2025-11-26T15:09:33.0092393+05:30" testType="13cdc9d9-ddb5-4fa4-a97d-d965ccfc6d4b" outcome="Passed" testListId="8c84fa94-04c1-424b-9868-57a2d4851a1d" relativeResultsDirectory="2eda8088-ab4f-413e-8748-d0ec91ebc7f6" />
    <UnitTestResult executionId="e6712339-e8d8-41fa-94ad-fb0308e79a0e" testId="b1e8653f-c5cc-ff1e-0609-d203725988f9" testName="Schedules.Api.Tests.WorkerTests.CalendarSyncWorker_SkipsWhenGraphSyncDisabled" computerName="EYEPAXLK-LT-120" duration="00:00:00.0086244" startTime="2025-11-26T15:09:32.5776243+05:30" endTime="2025-11-26T15:09:32.5776251+05:30" testType="13cdc9d9-ddb5-4fa4-a97d-d965ccfc6d4b" outcome="Passed" testListId="8c84fa94-04c1-424b-9868-57a2d4851a1d" relativeResultsDirectory="e6712339-e8d8-41fa-94ad-fb0308e79a0e" />
    <UnitTestResult executionId="09e28cf4-c6db-4eb5-944c-af6a8a2dfeaf" testId="6024ce6a-b216-1869-28f5-80af0620a86d" testName="Schedules.Api.Tests.AvailabilityServiceTests.GetAsync_IncludesGraphSlotsWhenEnabled" computerName="EYEPAXLK-LT-120" duration="00:00:04.0938377" startTime="2025-11-26T15:09:31.9589967+05:30" endTime="2025-11-26T15:09:31.9589968+05:30" testType="13cdc9d9-ddb5-4fa4-a97d-d965ccfc6d4b" outcome="Passed" testListId="8c84fa94-04c1-424b-9868-57a2d4851a1d" relativeResultsDirectory="09e28cf4-c6db-4eb5-944c-af6a8a2dfeaf" />
    <UnitTestResult executionId="bfc4721b-4922-4277-a5e8-a16908f5804e" testId="d969cb19-f0a6-6998-1f2e-33dceaaaf27a" testName="Schedules.Api.Tests.TaskServiceTests.UpdateAsync_UpdatesPropertiesAndMaintainsNotes" computerName="EYEPAXLK-LT-120" duration="00:00:00.1914183" startTime="2025-11-26T15:09:33.2009360+05:30" endTime="2025-11-26T15:09:33.2009370+05:30" testType="13cdc9d9-ddb5-4fa4-a97d-d965ccfc6d4b" outcome="Passed" testListId="8c84fa94-04c1-424b-9868-57a2d4851a1d" relativeResultsDirectory="bfc4721b-4922-4277-a5e8-a16908f5804e" />
    <UnitTestResult executionId="a2719a03-65c8-4bc9-b573-4dc2dace439c" testId="7e286616-b64b-8077-a4ad-2cf8352be4c4" testName="Schedules.Api.Tests.TaskServiceTests.GetAsync_AppliesAssigneeAndStatusFilters" computerName="EYEPAXLK-LT-120" duration="00:00:00.2230387" startTime="2025-11-26T15:09:33.4528221+05:30" endTime="2025-11-26T15:09:33.4528227+05:30" testType="13cdc9d9-ddb5-4fa4-a97d-d965ccfc6d4b" outcome="Passed" testListId="8c84fa94-04c1-424b-9868-57a2d4851a1d" relativeResultsDirectory="a2719a03-65c8-4bc9-b573-4dc2dace439c" />
    <UnitTestResult executionId="0be20843-5322-4e03-92a7-b07d24b0adfa" testId="cd9b15f4-d2ba-b356-272a-356095e4c9f7" testName="Schedules.Api.Tests.TaskServiceTests.UpdateAsync_TaskNotFound_ThrowsNotFound" computerName="EYEPAXLK-LT-120" duration="00:00:00.0282479" startTime="2025-11-26T15:09:33.2294893+05:30" endTime="2025-11-26T15:09:33.2294901+05:30" testType="13cdc9d9-ddb5-4fa4-a97d-d965ccfc6d4b" outcome="Passed" testListId="8c84fa94-04c1-424b-9868-57a2d4851a1d" relativeResultsDirectory="0be20843-5322-4e03-92a7-b07d24b0adfa" />
    <UnitTestResult executionId="dcddc117-637f-4f8a-939f-13e0943929c8" testId="fdb9fb72-ed09-284a-08ff-8762478988ab" testName="Schedules.Api.Tests.ControllerAttributeTests.SchedulesController_EnforcesPolicies(methodName: &quot;Get&quot;, expectedPolicy: &quot;AdminOnly&quot;)" computerName="EYEPAXLK-LT-120" duration="00:00:00.0001997" startTime="2025-11-26T15:09:28.1730407+05:30" endTime="2025-11-26T15:09:28.1730408+05:30" testType="13cdc9d9-ddb5-4fa4-a97d-d965ccfc6d4b" outcome="Passed" testListId="8c84fa94-04c1-424b-9868-57a2d4851a1d" relativeResultsDirectory="dcddc117-637f-4f8a-939f-13e0943929c8" />
    <UnitTestResult executionId="95136f0e-d3b3-459a-aeb8-af7c64a3d7bb" testId="673a755c-d225-765a-037e-2f35708ffd12" testName="Schedules.Api.Tests.TaskServiceTests.AddNoteAsync_TaskNotFound_ThrowsNotFound" computerName="EYEPAXLK-LT-120" duration="00:00:04.2690849" startTime="2025-11-26T15:09:32.1338546+05:30" endTime="2025-11-26T15:09:32.1338554+05:30" testType="13cdc9d9-ddb5-4fa4-a97d-d965ccfc6d4b" outcome="Passed" testListId="8c84fa94-04c1-424b-9868-57a2d4851a1d" relativeResultsDirectory="95136f0e-d3b3-459a-aeb8-af7c64a3d7bb" />
    <UnitTestResult executionId="ebcf5783-1678-4d48-9463-87f68ebea3ee" testId="cc925a70-4ce9-e610-41f7-c3dda18230ce" testName="Schedules.Api.Tests.ImportServiceTests.GetJobAsync_NonExisting_ThrowsNotFound" computerName="EYEPAXLK-LT-120" duration="00:00:00.1843875" startTime="2025-11-26T15:09:32.1866956+05:30" endTime="2025-11-26T15:09:32.1866963+05:30" testType="13cdc9d9-ddb5-4fa4-a97d-d965ccfc6d4b" outcome="Passed" testListId="8c84fa94-04c1-424b-9868-57a2d4851a1d" relativeResultsDirectory="ebcf5783-1678-4d48-9463-87f68ebea3ee" />
    <UnitTestResult executionId="2c0d3eda-e637-48e0-9b62-260e482fca78" testId="6c1cf5bc-0e8e-4ca3-ce54-2c9863260749" testName="Schedules.Api.Tests.ScheduleServiceTests.CreateAsync_WithRecurrence_PersistsScheduleAndRecurrence" computerName="EYEPAXLK-LT-120" duration="00:00:00.4375322" startTime="2025-11-26T15:09:33.6970925+05:30" endTime="2025-11-26T15:09:33.6970933+05:30" testType="13cdc9d9-ddb5-4fa4-a97d-d965ccfc6d4b" outcome="Passed" testListId="8c84fa94-04c1-424b-9868-57a2d4851a1d" relativeResultsDirectory="2c0d3eda-e637-48e0-9b62-260e482fca78" />
    <UnitTestResult executionId="a1f38c1a-436a-4501-a70c-98639a69d2e4" testId="67c86193-6d5e-b06b-7d61-cd8c349ede3e" testName="Schedules.Api.Tests.ControllerAttributeTests.SchedulesController_EnforcesPolicies(methodName: &quot;Create&quot;, expectedPolicy: &quot;AdminOnly&quot;)" computerName="EYEPAXLK-LT-120" duration="00:00:00.2388892" startTime="2025-11-26T15:09:28.1181485+05:30" endTime="2025-11-26T15:09:28.1182459+05:30" testType="13cdc9d9-ddb5-4fa4-a97d-d965ccfc6d4b" outcome="Passed" testListId="8c84fa94-04c1-424b-9868-57a2d4851a1d" relativeResultsDirectory="a1f38c1a-436a-4501-a70c-98639a69d2e4" />
    <UnitTestResult executionId="02d05159-063a-42fa-b0f8-8fffee5602da" testId="85655017-1006-0579-1e4e-ede5a3da32b2" testName="Schedules.Api.Tests.ScheduleServiceTests.CreateAsync_WhenScheduleOverlaps_ThrowsConflict" computerName="EYEPAXLK-LT-120" duration="00:00:04.1801843" startTime="2025-11-26T15:09:32.0450895+05:30" endTime="2025-11-26T15:09:32.0450900+05:30" testType="13cdc9d9-ddb5-4fa4-a97d-d965ccfc6d4b" outcome="Passed" testListId="8c84fa94-04c1-424b-9868-57a2d4851a1d" relativeResultsDirectory="02d05159-063a-42fa-b0f8-8fffee5602da" />
    <UnitTestResult executionId="45e81f4d-0ca9-46de-be87-d56c4d5e3858" testId="cdbf1a2a-e5b2-d6f7-33b2-39b12a27b238" testName="Schedules.Api.Tests.ValidatorTests.CreateTaskNoteRequestValidator_FailsWhenBodyEmpty" computerName="EYEPAXLK-LT-120" duration="00:00:00.0056845" startTime="2025-11-26T15:09:28.4610844+05:30" endTime="2025-11-26T15:09:28.4610851+05:30" testType="13cdc9d9-ddb5-4fa4-a97d-d965ccfc6d4b" outcome="Passed" testListId="8c84fa94-04c1-424b-9868-57a2d4851a1d" relativeResultsDirectory="45e81f4d-0ca9-46de-be87-d56c4d5e3858" />
    <UnitTestResult executionId="882f9823-e49c-4d84-b669-597eea99cb92" testId="be80ec8a-a912-f4e7-be5d-48afcf36e5d5" testName="Schedules.Api.Tests.ScheduleServiceTests.GetAsync_FiltersByUserAndReturnsPagedResult" computerName="EYEPAXLK-LT-120" duration="00:00:01.0113094" startTime="2025-11-26T15:09:33.0566033+05:30" endTime="2025-11-26T15:09:33.0566040+05:30" testType="13cdc9d9-ddb5-4fa4-a97d-d965ccfc6d4b" outcome="Passed" testListId="8c84fa94-04c1-424b-9868-57a2d4851a1d" relativeResultsDirectory="882f9823-e49c-4d84-b669-597eea99cb92" />
    <UnitTestResult executionId="86adda97-e647-4f10-8366-6a44120abc76" testId="e7ec11dd-44da-621d-6f3e-bdec78c5124a" testName="Schedules.Api.Tests.ScheduleServiceTests.UpdateAsync_WhenNewWindowOverlapsAnotherSchedule_ThrowsConflict" computerName="EYEPAXLK-LT-120" duration="00:00:00.2019732" startTime="2025-11-26T15:09:33.2591922+05:30" endTime="2025-11-26T15:09:33.2591929+05:30" testType="13cdc9d9-ddb5-4fa4-a97d-d965ccfc6d4b" outcome="Passed" testListId="8c84fa94-04c1-424b-9868-57a2d4851a1d" relativeResultsDirectory="86adda97-e647-4f10-8366-6a44120abc76" />
    <UnitTestResult executionId="feb931ec-d72d-4346-86c7-632c62f58954" testId="0592b8e6-a71f-2885-8c47-8cf7cf0f369c" testName="Schedules.Api.Tests.ValidatorTests.UpdateScheduleRequestValidator_FailsWhenNoFields" computerName="EYEPAXLK-LT-120" duration="00:00:00.0901838" startTime="2025-11-26T15:09:28.3789010+05:30" endTime="2025-11-26T15:09:28.3789015+05:30" testType="13cdc9d9-ddb5-4fa4-a97d-d965ccfc6d4b" outcome="Passed" testListId="8c84fa94-04c1-424b-9868-57a2d4851a1d" relativeResultsDirectory="feb931ec-d72d-4346-86c7-632c62f58954" />
    <UnitTestResult executionId="8b1ba103-4d2b-47e0-a004-2295443171d9" testId="8903a8a5-7428-e737-095c-9a9c3dc2accc" testName="Schedules.Api.Tests.WorkerTests.CalendarSyncWorker_UpdatesScheduleWhenEnabled" computerName="EYEPAXLK-LT-120" duration="00:00:04.0938236" startTime="2025-11-26T15:09:31.9588941+05:30" endTime="2025-11-26T15:09:31.9588947+05:30" testType="13cdc9d9-ddb5-4fa4-a97d-d965ccfc6d4b" outcome="Passed" testListId="8c84fa94-04c1-424b-9868-57a2d4851a1d" relativeResultsDirectory="8b1ba103-4d2b-47e0-a004-2295443171d9" />
    <UnitTestResult executionId="eae82428-3111-458d-a72e-bee45b1c39ce" testId="5f22625b-fae3-c26b-25b7-f28ccc16aca0" testName="Schedules.Api.Tests.ControllerAttributeTests.ImportsController_RequiresAdminPolicy(methodName: &quot;ImportSchedules&quot;)" computerName="EYEPAXLK-LT-120" duration="00:00:00.0008524" startTime="2025-11-26T15:09:28.2096956+05:30" endTime="2025-11-26T15:09:28.2096958+05:30" testType="13cdc9d9-ddb5-4fa4-a97d-d965ccfc6d4b" outcome="Passed" testListId="8c84fa94-04c1-424b-9868-57a2d4851a1d" relativeResultsDirectory="eae82428-3111-458d-a72e-bee45b1c39ce" />
    <UnitTestResult executionId="e59c9ce4-8904-4a35-982b-7f51220aeb4b" testId="b90ed898-3b7e-bffa-5bd2-521c406c34b0" testName="Schedules.Api.Tests.WorkerTests.ScheduleImportWorker_ProcessesRowsAndRecordsConflicts" computerName="EYEPAXLK-LT-120" duration="00:00:00.4418425" startTime="2025-11-26T15:09:33.0835368+05:30" endTime="2025-11-26T15:09:33.0835375+05:30" testType="13cdc9d9-ddb5-4fa4-a97d-d965ccfc6d4b" outcome="Passed" testListId="8c84fa94-04c1-424b-9868-57a2d4851a1d" relativeResultsDirectory="e59c9ce4-8904-4a35-982b-7f51220aeb4b" />
    <UnitTestResult executionId="926d6c26-72e0-4354-90a8-0e7282cf4337" testId="332adede-a486-b8b0-8b21-5888d348d529" testName="Schedules.Api.Tests.ValidatorTests.CreateScheduleRequestValidator_FailsWhenRecurrenceMissing" computerName="EYEPAXLK-LT-120" duration="00:00:00.0677018" startTime="2025-11-26T15:09:28.4551577+05:30" endTime="2025-11-26T15:09:28.4551584+05:30" testType="13cdc9d9-ddb5-4fa4-a97d-d965ccfc6d4b" outcome="Passed" testListId="8c84fa94-04c1-424b-9868-57a2d4851a1d" relativeResultsDirectory="926d6c26-72e0-4354-90a8-0e7282cf4337" />
    <UnitTestResult executionId="1ebe08ae-7b32-463a-9dc9-1c2f9c8ee24c" testId="a2e2a5f3-0956-216c-20f8-134de4405b2e" testName="Schedules.Api.Tests.ValidatorTests.UpdateTaskRequestValidator_FailsWhenNoChanges" computerName="EYEPAXLK-LT-120" duration="00:00:00.0081332" startTime="2025-11-26T15:09:28.3872388+05:30" endTime="2025-11-26T15:09:28.3872397+05:30" testType="13cdc9d9-ddb5-4fa4-a97d-d965ccfc6d4b" outcome="Passed" testListId="8c84fa94-04c1-424b-9868-57a2d4851a1d" relativeResultsDirectory="1ebe08ae-7b32-463a-9dc9-1c2f9c8ee24c" />
    <UnitTestResult executionId="28bd7a04-3ba1-4551-9faa-83446076a958" testId="7ec7603e-016e-2df5-2d71-3f830719f723" testName="Schedules.Api.Tests.WorkerTests.TaskNotificationWorker_SendsNotificationWhenEnabled" computerName="EYEPAXLK-LT-120" duration="00:00:00.0631242" startTime="2025-11-26T15:09:32.6414416+05:30" endTime="2025-11-26T15:09:32.6414424+05:30" testType="13cdc9d9-ddb5-4fa4-a97d-d965ccfc6d4b" outcome="Passed" testListId="8c84fa94-04c1-424b-9868-57a2d4851a1d" relativeResultsDirectory="28bd7a04-3ba1-4551-9faa-83446076a958" />
    <UnitTestResult executionId="4cc97498-caa6-452a-a8d3-5dd09e0d8e7c" testId="b6172945-991d-9d37-d9fd-8c6e5ea21bf2" testName="Schedules.Api.Tests.ValidatorTests.CreateTaskRequestValidator_FailsWhenTooManyTags" computerName="EYEPAXLK-LT-120" duration="00:00:00.3742640" startTime="2025-11-26T15:09:28.2393974+05:30" endTime="2025-11-26T15:09:28.2393981+05:30" testType="13cdc9d9-ddb5-4fa4-a97d-d965ccfc6d4b" outcome="Passed" testListId="8c84fa94-04c1-424b-9868-57a2d4851a1d" relativeResultsDirectory="4cc97498-caa6-452a-a8d3-5dd09e0d8e7c" />
    <UnitTestResult executionId="8af9e6a5-88a8-4e90-9d14-0d7200939564" testId="94899363-444a-2315-5106-e3e1e5c1d61c" testName="Schedules.Api.Tests.WorkerTests.DailyReminderWorker_SendsNotificationsWhenEnabled" computerName="EYEPAXLK-LT-120" duration="00:00:00.5840792" startTime="2025-11-26T15:09:32.5431923+05:30" endTime="2025-11-26T15:09:32.5431930+05:30" testType="13cdc9d9-ddb5-4fa4-a97d-d965ccfc6d4b" outcome="Passed" testListId="8c84fa94-04c1-424b-9868-57a2d4851a1d" relativeResultsDirectory="8af9e6a5-88a8-4e90-9d14-0d7200939564" />
    <UnitTestResult executionId="18fd2209-af68-44e8-898a-eab67de07771" testId="854301d7-0184-898a-4ac8-de85a0b18149" testName="Schedules.Api.Tests.ControllerAttributeTests.SchedulesController_EnforcesPolicies(methodName: &quot;Update&quot;, expectedPolicy: &quot;AdminOnly&quot;)" computerName="EYEPAXLK-LT-120" duration="00:00:00.0010061" startTime="2025-11-26T15:09:28.1728681+05:30" endTime="2025-11-26T15:09:28.1728683+05:30" testType="13cdc9d9-ddb5-4fa4-a97d-d965ccfc6d4b" outcome="Passed" testListId="8c84fa94-04c1-424b-9868-57a2d4851a1d" relativeResultsDirectory="18fd2209-af68-44e8-898a-eab67de07771" />
    <UnitTestResult executionId="3775adfc-8d3c-4415-a753-6eb2d71d90e9" testId="d80bfb29-47dc-adca-6def-c378e9350d43" testName="Schedules.Api.Tests.ValidatorTests.ScheduleQueryValidator_FailsWhenOnlyOneRangeBound" computerName="EYEPAXLK-LT-120" duration="00:00:00.0486199" startTime="2025-11-26T15:09:28.2883917+05:30" endTime="2025-11-26T15:09:28.2883925+05:30" testType="13cdc9d9-ddb5-4fa4-a97d-d965ccfc6d4b" outcome="Passed" testListId="8c84fa94-04c1-424b-9868-57a2d4851a1d" relativeResultsDirectory="3775adfc-8d3c-4415-a753-6eb2d71d90e9" />
  </Results>
  <TestDefinitions>
    <UnitTest name="Schedules.Api.Tests.ValidatorTests.CreateTaskNoteRequestValidator_FailsWhenBodyEmpty" storage="c:\users\sathijadeshapriya\downloads\it center project 2\schedules-backend\tests\schedules.api.tests\bin\debug\net9.0\schedules.api.tests.dll" id="cdbf1a2a-e5b2-d6f7-33b2-39b12a27b238">
      <Execution id="45e81f4d-0ca9-46de-be87-d56c4d5e3858" />
      <TestMethod codeBase="C:\Users\SathijaDeshapriya\Downloads\IT Center Project 2\schedules-backend\tests\Schedules.Api.Tests\bin\Debug\net9.0\Schedules.Api.Tests.dll" adapterTypeName="executor://xunit/VsTestRunner2/netcoreapp" className="Schedules.Api.Tests.ValidatorTests" name="CreateTaskNoteRequestValidator_FailsWhenBodyEmpty" />
    </UnitTest>
    <UnitTest name="Schedules.Api.Tests.ScheduleServiceTests.UpdateAsync_WhenNewWindowOverlapsAnotherSchedule_ThrowsConflict" storage="c:\users\sathijadeshapriya\downloads\it center project 2\schedules-backend\tests\schedules.api.tests\bin\debug\net9.0\schedules.api.tests.dll" id="e7ec11dd-44da-621d-6f3e-bdec78c5124a">
      <Execution id="86adda97-e647-4f10-8366-6a44120abc76" />
      <TestMethod codeBase="C:\Users\SathijaDeshapriya\Downloads\IT Center Project 2\schedules-backend\tests\Schedules.Api.Tests\bin\Debug\net9.0\Schedules.Api.Tests.dll" adapterTypeName="executor://xunit/VsTestRunner2/netcoreapp" className="Schedules.Api.Tests.ScheduleServiceTests" name="UpdateAsync_WhenNewWindowOverlapsAnotherSchedule_ThrowsConflict" />
    </UnitTest>
    <UnitTest name="Schedules.Api.Tests.WorkerTests.TaskNotificationWorker_SendsNotificationWhenEnabled" storage="c:\users\sathijadeshapriya\downloads\it center project 2\schedules-backend\tests\schedules.api.tests\bin\debug\net9.0\schedules.api.tests.dll" id="7ec7603e-016e-2df5-2d71-3f830719f723">
      <Execution id="28bd7a04-3ba1-4551-9faa-83446076a958" />
      <TestMethod codeBase="C:\Users\SathijaDeshapriya\Downloads\IT Center Project 2\schedules-backend\tests\Schedules.Api.Tests\bin\Debug\net9.0\Schedules.Api.Tests.dll" adapterTypeName="executor://xunit/VsTestRunner2/netcoreapp" className="Schedules.Api.Tests.WorkerTests" name="TaskNotificationWorker_SendsNotificationWhenEnabled" />
    </UnitTest>
    <UnitTest name="Schedules.Api.Tests.ControllerAttributeTests.ImportsController_RequiresAdminPolicy(methodName: &quot;ImportSchedules&quot;)" storage="c:\users\sathijadeshapriya\downloads\it center project 2\schedules-backend\tests\schedules.api.tests\bin\debug\net9.0\schedules.api.tests.dll" id="5f22625b-fae3-c26b-25b7-f28ccc16aca0">
      <Execution id="eae82428-3111-458d-a72e-bee45b1c39ce" />
      <TestMethod codeBase="C:\Users\SathijaDeshapriya\Downloads\IT Center Project 2\schedules-backend\tests\Schedules.Api.Tests\bin\Debug\net9.0\Schedules.Api.Tests.dll" adapterTypeName="executor://xunit/VsTestRunner2/netcoreapp" className="Schedules.Api.Tests.ControllerAttributeTests" name="ImportsController_RequiresAdminPolicy" />
    </UnitTest>
    <UnitTest name="Schedules.Api.Tests.ControllerAttributeTests.ImportsController_RequiresAdminPolicy(methodName: &quot;GetStatus&quot;)" storage="c:\users\sathijadeshapriya\downloads\it center project 2\schedules-backend\tests\schedules.api.tests\bin\debug\net9.0\schedules.api.tests.dll" id="803f1962-40bb-4771-58d8-607c9f84e39c">
      <Execution id="ff67828b-1b16-4c28-8877-d27be89af786" />
      <TestMethod codeBase="C:\Users\SathijaDeshapriya\Downloads\IT Center Project 2\schedules-backend\tests\Schedules.Api.Tests\bin\Debug\net9.0\Schedules.Api.Tests.dll" adapterTypeName="executor://xunit/VsTestRunner2/netcoreapp" className="Schedules.Api.Tests.ControllerAttributeTests" name="ImportsController_RequiresAdminPolicy" />
    </UnitTest>
    <UnitTest name="Schedules.Api.Tests.ControllerAttributeTests.SchedulesController_EnforcesPolicies(methodName: &quot;Create&quot;, expectedPolicy: &quot;AdminOnly&quot;)" storage="c:\users\sathijadeshapriya\downloads\it center project 2\schedules-backend\tests\schedules.api.tests\bin\debug\net9.0\schedules.api.tests.dll" id="67c86193-6d5e-b06b-7d61-cd8c349ede3e">
      <Execution id="a1f38c1a-436a-4501-a70c-98639a69d2e4" />
      <TestMethod codeBase="C:\Users\SathijaDeshapriya\Downloads\IT Center Project 2\schedules-backend\tests\Schedules.Api.Tests\bin\Debug\net9.0\Schedules.Api.Tests.dll" adapterTypeName="executor://xunit/VsTestRunner2/netcoreapp" className="Schedules.Api.Tests.ControllerAttributeTests" name="SchedulesController_EnforcesPolicies" />
    </UnitTest>
    <UnitTest name="Schedules.Api.Tests.ImportServiceTests.GetJobAsync_NonExisting_ThrowsNotFound" storage="c:\users\sathijadeshapriya\downloads\it center project 2\schedules-backend\tests\schedules.api.tests\bin\debug\net9.0\schedules.api.tests.dll" id="cc925a70-4ce9-e610-41f7-c3dda18230ce">
      <Execution id="ebcf5783-1678-4d48-9463-87f68ebea3ee" />
      <TestMethod codeBase="C:\Users\SathijaDeshapriya\Downloads\IT Center Project 2\schedules-backend\tests\Schedules.Api.Tests\bin\Debug\net9.0\Schedules.Api.Tests.dll" adapterTypeName="executor://xunit/VsTestRunner2/netcoreapp" className="Schedules.Api.Tests.ImportServiceTests" name="GetJobAsync_NonExisting_ThrowsNotFound" />
    </UnitTest>
    <UnitTest name="Schedules.Api.Tests.WorkerTests.CalendarSyncWorker_UpdatesScheduleWhenEnabled" storage="c:\users\sathijadeshapriya\downloads\it center project 2\schedules-backend\tests\schedules.api.tests\bin\debug\net9.0\schedules.api.tests.dll" id="8903a8a5-7428-e737-095c-9a9c3dc2accc">
      <Execution id="8b1ba103-4d2b-47e0-a004-2295443171d9" />
      <TestMethod codeBase="C:\Users\SathijaDeshapriya\Downloads\IT Center Project 2\schedules-backend\tests\Schedules.Api.Tests\bin\Debug\net9.0\Schedules.Api.Tests.dll" adapterTypeName="executor://xunit/VsTestRunner2/netcoreapp" className="Schedules.Api.Tests.WorkerTests" name="CalendarSyncWorker_UpdatesScheduleWhenEnabled" />
    </UnitTest>
    <UnitTest name="Schedules.Api.Tests.TaskServiceTests.UpdateAsync_UpdatesPropertiesAndMaintainsNotes" storage="c:\users\sathijadeshapriya\downloads\it center project 2\schedules-backend\tests\schedules.api.tests\bin\debug\net9.0\schedules.api.tests.dll" id="d969cb19-f0a6-6998-1f2e-33dceaaaf27a">
      <Execution id="bfc4721b-4922-4277-a5e8-a16908f5804e" />
      <TestMethod codeBase="C:\Users\SathijaDeshapriya\Downloads\IT Center Project 2\schedules-backend\tests\Schedules.Api.Tests\bin\Debug\net9.0\Schedules.Api.Tests.dll" adapterTypeName="executor://xunit/VsTestRunner2/netcoreapp" className="Schedules.Api.Tests.TaskServiceTests" name="UpdateAsync_UpdatesPropertiesAndMaintainsNotes" />
    </UnitTest>
    <UnitTest name="Schedules.Api.Tests.TaskServiceTests.AddNoteAsync_AppendsNoteAndReturnsPayload" storage="c:\users\sathijadeshapriya\downloads\it center project 2\schedules-backend\tests\schedules.api.tests\bin\debug\net9.0\schedules.api.tests.dll" id="beedcd1c-822d-3976-614d-9cfbc7b1a9f1">
      <Execution id="2eda8088-ab4f-413e-8748-d0ec91ebc7f6" />
      <TestMethod codeBase="C:\Users\SathijaDeshapriya\Downloads\IT Center Project 2\schedules-backend\tests\Schedules.Api.Tests\bin\Debug\net9.0\Schedules.Api.Tests.dll" adapterTypeName="executor://xunit/VsTestRunner2/netcoreapp" className="Schedules.Api.Tests.TaskServiceTests" name="AddNoteAsync_AppendsNoteAndReturnsPayload" />
    </UnitTest>
    <UnitTest name="Schedules.Api.Tests.WorkerTests.ScheduleImportWorker_ProcessesRowsAndRecordsConflicts" storage="c:\users\sathijadeshapriya\downloads\it center project 2\schedules-backend\tests\schedules.api.tests\bin\debug\net9.0\schedules.api.tests.dll" id="b90ed898-3b7e-bffa-5bd2-521c406c34b0">
      <Execution id="e59c9ce4-8904-4a35-982b-7f51220aeb4b" />
      <TestMethod codeBase="C:\Users\SathijaDeshapriya\Downloads\IT Center Project 2\schedules-backend\tests\Schedules.Api.Tests\bin\Debug\net9.0\Schedules.Api.Tests.dll" adapterTypeName="executor://xunit/VsTestRunner2/netcoreapp" className="Schedules.Api.Tests.WorkerTests" name="ScheduleImportWorker_ProcessesRowsAndRecordsConflicts" />
    </UnitTest>
    <UnitTest name="Schedules.Api.Tests.ScheduleServiceTests.CreateAsync_WhenScheduleOverlaps_ThrowsConflict" storage="c:\users\sathijadeshapriya\downloads\it center project 2\schedules-backend\tests\schedules.api.tests\bin\debug\net9.0\schedules.api.tests.dll" id="85655017-1006-0579-1e4e-ede5a3da32b2">
      <Execution id="02d05159-063a-42fa-b0f8-8fffee5602da" />
      <TestMethod codeBase="C:\Users\SathijaDeshapriya\Downloads\IT Center Project 2\schedules-backend\tests\Schedules.Api.Tests\bin\Debug\net9.0\Schedules.Api.Tests.dll" adapterTypeName="executor://xunit/VsTestRunner2/netcoreapp" className="Schedules.Api.Tests.ScheduleServiceTests" name="CreateAsync_WhenScheduleOverlaps_ThrowsConflict" />
    </UnitTest>
    <UnitTest name="Schedules.Api.Tests.ControllerAttributeTests.SchedulesController_EnforcesPolicies(methodName: &quot;GetMySchedules&quot;, expectedPolicy: &quot;Employee&quot;)" storage="c:\users\sathijadeshapriya\downloads\it center project 2\schedules-backend\tests\schedules.api.tests\bin\debug\net9.0\schedules.api.tests.dll" id="90300c6c-1f2f-514f-128e-706e173f76da">
      <Execution id="60535d7b-0996-40bd-9fa7-313b9dc0979b" />
      <TestMethod codeBase="C:\Users\SathijaDeshapriya\Downloads\IT Center Project 2\schedules-backend\tests\Schedules.Api.Tests\bin\Debug\net9.0\Schedules.Api.Tests.dll" adapterTypeName="executor://xunit/VsTestRunner2/netcoreapp" className="Schedules.Api.Tests.ControllerAttributeTests" name="SchedulesController_EnforcesPolicies" />
    </UnitTest>
    <UnitTest name="Schedules.Api.Tests.ValidatorTests.ScheduleQueryValidator_FailsWhenOnlyOneRangeBound" storage="c:\users\sathijadeshapriya\downloads\it center project 2\schedules-backend\tests\schedules.api.tests\bin\debug\net9.0\schedules.api.tests.dll" id="d80bfb29-47dc-adca-6def-c378e9350d43">
      <Execution id="3775adfc-8d3c-4415-a753-6eb2d71d90e9" />
      <TestMethod codeBase="C:\Users\SathijaDeshapriya\Downloads\IT Center Project 2\schedules-backend\tests\Schedules.Api.Tests\bin\Debug\net9.0\Schedules.Api.Tests.dll" adapterTypeName="executor://xunit/VsTestRunner2/netcoreapp" className="Schedules.Api.Tests.ValidatorTests" name="ScheduleQueryValidator_FailsWhenOnlyOneRangeBound" />
    </UnitTest>
    <UnitTest name="Schedules.Api.Tests.ControllerAttributeTests.SchedulesController_EnforcesPolicies(methodName: &quot;Get&quot;, expectedPolicy: &quot;AdminOnly&quot;)" storage="c:\users\sathijadeshapriya\downloads\it center project 2\schedules-backend\tests\schedules.api.tests\bin\debug\net9.0\schedules.api.tests.dll" id="fdb9fb72-ed09-284a-08ff-8762478988ab">
      <Execution id="dcddc117-637f-4f8a-939f-13e0943929c8" />
      <TestMethod codeBase="C:\Users\SathijaDeshapriya\Downloads\IT Center Project 2\schedules-backend\tests\Schedules.Api.Tests\bin\Debug\net9.0\Schedules.Api.Tests.dll" adapterTypeName="executor://xunit/VsTestRunner2/netcoreapp" className="Schedules.Api.Tests.ControllerAttributeTests" name="SchedulesController_EnforcesPolicies" />
    </UnitTest>
    <UnitTest name="Schedules.Api.Tests.TaskServiceTests.GetAsync_AppliesAssigneeAndStatusFilters" storage="c:\users\sathijadeshapriya\downloads\it center project 2\schedules-backend\tests\schedules.api.tests\bin\debug\net9.0\schedules.api.tests.dll" id="7e286616-b64b-8077-a4ad-2cf8352be4c4">
      <Execution id="a2719a03-65c8-4bc9-b573-4dc2dace439c" />
      <TestMethod codeBase="C:\Users\SathijaDeshapriya\Downloads\IT Center Project 2\schedules-backend\tests\Schedules.Api.Tests\bin\Debug\net9.0\Schedules.Api.Tests.dll" adapterTypeName="executor://xunit/VsTestRunner2/netcoreapp" className="Schedules.Api.Tests.TaskServiceTests" name="GetAsync_AppliesAssigneeAndStatusFilters" />
    </UnitTest>
    <UnitTest name="Schedules.Api.Tests.ValidatorTests.UpdateScheduleRequestValidator_FailsWhenNoFields" storage="c:\users\sathijadeshapriya\downloads\it center project 2\schedules-backend\tests\schedules.api.tests\bin\debug\net9.0\schedules.api.tests.dll" id="0592b8e6-a71f-2885-8c47-8cf7cf0f369c">
      <Execution id="feb931ec-d72d-4346-86c7-632c62f58954" />
      <TestMethod codeBase="C:\Users\SathijaDeshapriya\Downloads\IT Center Project 2\schedules-backend\tests\Schedules.Api.Tests\bin\Debug\net9.0\Schedules.Api.Tests.dll" adapterTypeName="executor://xunit/VsTestRunner2/netcoreapp" className="Schedules.Api.Tests.ValidatorTests" name="UpdateScheduleRequestValidator_FailsWhenNoFields" />
    </UnitTest>
    <UnitTest name="Schedules.Api.Tests.ControllerAttributeTests.SchedulesController_EnforcesPolicies(methodName: &quot;Update&quot;, expectedPolicy: &quot;AdminOnly&quot;)" storage="c:\users\sathijadeshapriya\downloads\it center project 2\schedules-backend\tests\schedules.api.tests\bin\debug\net9.0\schedules.api.tests.dll" id="854301d7-0184-898a-4ac8-de85a0b18149">
      <Execution id="18fd2209-af68-44e8-898a-eab67de07771" />
      <TestMethod codeBase="C:\Users\SathijaDeshapriya\Downloads\IT Center Project 2\schedules-backend\tests\Schedules.Api.Tests\bin\Debug\net9.0\Schedules.Api.Tests.dll" adapterTypeName="executor://xunit/VsTestRunner2/netcoreapp" className="Schedules.Api.Tests.ControllerAttributeTests" name="SchedulesController_EnforcesPolicies" />
    </UnitTest>
    <UnitTest name="Schedules.Api.Tests.AvailabilityServiceTests.GetAsync_IncludesGraphSlotsWhenEnabled" storage="c:\users\sathijadeshapriya\downloads\it center project 2\schedules-backend\tests\schedules.api.tests\bin\debug\net9.0\schedules.api.tests.dll" id="6024ce6a-b216-1869-28f5-80af0620a86d">
      <Execution id="09e28cf4-c6db-4eb5-944c-af6a8a2dfeaf" />
      <TestMethod codeBase="C:\Users\SathijaDeshapriya\Downloads\IT Center Project 2\schedules-backend\tests\Schedules.Api.Tests\bin\Debug\net9.0\Schedules.Api.Tests.dll" adapterTypeName="executor://xunit/VsTestRunner2/netcoreapp" className="Schedules.Api.Tests.AvailabilityServiceTests" name="GetAsync_IncludesGraphSlotsWhenEnabled" />
    </UnitTest>
    <UnitTest name="Schedules.Api.Tests.ScheduleServiceTests.GetAsync_FiltersByUserAndReturnsPagedResult" storage="c:\users\sathijadeshapriya\downloads\it center project 2\schedules-backend\tests\schedules.api.tests\bin\debug\net9.0\schedules.api.tests.dll" id="be80ec8a-a912-f4e7-be5d-48afcf36e5d5">
      <Execution id="882f9823-e49c-4d84-b669-597eea99cb92" />
      <TestMethod codeBase="C:\Users\SathijaDeshapriya\Downloads\IT Center Project 2\schedules-backend\tests\Schedules.Api.Tests\bin\Debug\net9.0\Schedules.Api.Tests.dll" adapterTypeName="executor://xunit/VsTestRunner2/netcoreapp" className="Schedules.Api.Tests.ScheduleServiceTests" name="GetAsync_FiltersByUserAndReturnsPagedResult" />
    </UnitTest>
    <UnitTest name="Schedules.Api.Tests.ImportServiceTests.StartScheduleImportAsync_CreatesJobAndFiles" storage="c:\users\sathijadeshapriya\downloads\it center project 2\schedules-backend\tests\schedules.api.tests\bin\debug\net9.0\schedules.api.tests.dll" id="5b6e750b-cd47-42c9-1a52-25ec7973ec20">
      <Execution id="a921544b-c673-4c61-8ed9-7ad86e85efac" />
      <TestMethod codeBase="C:\Users\SathijaDeshapriya\Downloads\IT Center Project 2\schedules-backend\tests\Schedules.Api.Tests\bin\Debug\net9.0\Schedules.Api.Tests.dll" adapterTypeName="executor://xunit/VsTestRunner2/netcoreapp" className="Schedules.Api.Tests.ImportServiceTests" name="StartScheduleImportAsync_CreatesJobAndFiles" />
    </UnitTest>
    <UnitTest name="Schedules.Api.Tests.WorkerTests.CalendarSyncWorker_SkipsWhenGraphSyncDisabled" storage="c:\users\sathijadeshapriya\downloads\it center project 2\schedules-backend\tests\schedules.api.tests\bin\debug\net9.0\schedules.api.tests.dll" id="b1e8653f-c5cc-ff1e-0609-d203725988f9">
      <Execution id="e6712339-e8d8-41fa-94ad-fb0308e79a0e" />
      <TestMethod codeBase="C:\Users\SathijaDeshapriya\Downloads\IT Center Project 2\schedules-backend\tests\Schedules.Api.Tests\bin\Debug\net9.0\Schedules.Api.Tests.dll" adapterTypeName="executor://xunit/VsTestRunner2/netcoreapp" className="Schedules.Api.Tests.WorkerTests" name="CalendarSyncWorker_SkipsWhenGraphSyncDisabled" />
    </UnitTest>
    <UnitTest name="Schedules.Api.Tests.WorkerTests.TaskNotificationWorker_SkipsWhenDisabled" storage="c:\users\sathijadeshapriya\downloads\it center project 2\schedules-backend\tests\schedules.api.tests\bin\debug\net9.0\schedules.api.tests.dll" id="4a8da91a-91dc-2025-d0c5-fac08b5088bd">
      <Execution id="572bc18c-05b4-43c0-bcaf-2a40c78aee1d" />
      <TestMethod codeBase="C:\Users\SathijaDeshapriya\Downloads\IT Center Project 2\schedules-backend\tests\Schedules.Api.Tests\bin\Debug\net9.0\Schedules.Api.Tests.dll" adapterTypeName="executor://xunit/VsTestRunner2/netcoreapp" className="Schedules.Api.Tests.WorkerTests" name="TaskNotificationWorker_SkipsWhenDisabled" />
    </UnitTest>
    <UnitTest name="Schedules.Api.Tests.TaskServiceTests.UpdateAsync_TaskNotFound_ThrowsNotFound" storage="c:\users\sathijadeshapriya\downloads\it center project 2\schedules-backend\tests\schedules.api.tests\bin\debug\net9.0\schedules.api.tests.dll" id="cd9b15f4-d2ba-b356-272a-356095e4c9f7">
      <Execution id="0be20843-5322-4e03-92a7-b07d24b0adfa" />
      <TestMethod codeBase="C:\Users\SathijaDeshapriya\Downloads\IT Center Project 2\schedules-backend\tests\Schedules.Api.Tests\bin\Debug\net9.0\Schedules.Api.Tests.dll" adapterTypeName="executor://xunit/VsTestRunner2/netcoreapp" className="Schedules.Api.Tests.TaskServiceTests" name="UpdateAsync_TaskNotFound_ThrowsNotFound" />
    </UnitTest>
    <UnitTest name="Schedules.Api.Tests.ValidatorTests.CreateScheduleRequestValidator_FailsWhenRecurrenceMissing" storage="c:\users\sathijadeshapriya\downloads\it center project 2\schedules-backend\tests\schedules.api.tests\bin\debug\net9.0\schedules.api.tests.dll" id="332adede-a486-b8b0-8b21-5888d348d529">
      <Execution id="926d6c26-72e0-4354-90a8-0e7282cf4337" />
      <TestMethod codeBase="C:\Users\SathijaDeshapriya\Downloads\IT Center Project 2\schedules-backend\tests\Schedules.Api.Tests\bin\Debug\net9.0\Schedules.Api.Tests.dll" adapterTypeName="executor://xunit/VsTestRunner2/netcoreapp" className="Schedules.Api.Tests.ValidatorTests" name="CreateScheduleRequestValidator_FailsWhenRecurrenceMissing" />
    </UnitTest>
    <UnitTest name="Schedules.Api.Tests.WorkerTests.DailyReminderWorker_SendsNotificationsWhenEnabled" storage="c:\users\sathijadeshapriya\downloads\it center project 2\schedules-backend\tests\schedules.api.tests\bin\debug\net9.0\schedules.api.tests.dll" id="94899363-444a-2315-5106-e3e1e5c1d61c">
      <Execution id="8af9e6a5-88a8-4e90-9d14-0d7200939564" />
      <TestMethod codeBase="C:\Users\SathijaDeshapriya\Downloads\IT Center Project 2\schedules-backend\tests\Schedules.Api.Tests\bin\Debug\net9.0\Schedules.Api.Tests.dll" adapterTypeName="executor://xunit/VsTestRunner2/netcoreapp" className="Schedules.Api.Tests.WorkerTests" name="DailyReminderWorker_SendsNotificationsWhenEnabled" />
    </UnitTest>
    <UnitTest name="Schedules.Api.Tests.ValidatorTests.UpdateTaskRequestValidator_FailsWhenNoChanges" storage="c:\users\sathijadeshapriya\downloads\it center project 2\schedules-backend\tests\schedules.api.tests\bin\debug\net9.0\schedules.api.tests.dll" id="a2e2a5f3-0956-216c-20f8-134de4405b2e">
      <Execution id="1ebe08ae-7b32-463a-9dc9-1c2f9c8ee24c" />
      <TestMethod codeBase="C:\Users\SathijaDeshapriya\Downloads\IT Center Project 2\schedules-backend\tests\Schedules.Api.Tests\bin\Debug\net9.0\Schedules.Api.Tests.dll" adapterTypeName="executor://xunit/VsTestRunner2/netcoreapp" className="Schedules.Api.Tests.ValidatorTests" name="UpdateTaskRequestValidator_FailsWhenNoChanges" />
    </UnitTest>
    <UnitTest name="Schedules.Api.Tests.ScheduleServiceTests.CreateAsync_WithRecurrence_PersistsScheduleAndRecurrence" storage="c:\users\sathijadeshapriya\downloads\it center project 2\schedules-backend\tests\schedules.api.tests\bin\debug\net9.0\schedules.api.tests.dll" id="6c1cf5bc-0e8e-4ca3-ce54-2c9863260749">
      <Execution id="2c0d3eda-e637-48e0-9b62-260e482fca78" />
      <TestMethod codeBase="C:\Users\SathijaDeshapriya\Downloads\IT Center Project 2\schedules-backend\tests\Schedules.Api.Tests\bin\Debug\net9.0\Schedules.Api.Tests.dll" adapterTypeName="executor://xunit/VsTestRunner2/netcoreapp" className="Schedules.Api.Tests.ScheduleServiceTests" name="CreateAsync_WithRecurrence_PersistsScheduleAndRecurrence" />
    </UnitTest>
    <UnitTest name="Schedules.Api.Tests.AvailabilityServiceTests.GetAsync_ReturnsLocalBusyOnlyWhenGraphDisabled" storage="c:\users\sathijadeshapriya\downloads\it center project 2\schedules-backend\tests\schedules.api.tests\bin\debug\net9.0\schedules.api.tests.dll" id="ad6a43d8-7530-51bb-73b7-0322f5b4e055">
      <Execution id="5038ee38-f041-4081-9176-6eb05129eae6" />
      <TestMethod codeBase="C:\Users\SathijaDeshapriya\Downloads\IT Center Project 2\schedules-backend\tests\Schedules.Api.Tests\bin\Debug\net9.0\Schedules.Api.Tests.dll" adapterTypeName="executor://xunit/VsTestRunner2/netcoreapp" className="Schedules.Api.Tests.AvailabilityServiceTests" name="GetAsync_ReturnsLocalBusyOnlyWhenGraphDisabled" />
    </UnitTest>
    <UnitTest name="Schedules.Api.Tests.TaskServiceTests.AddNoteAsync_TaskNotFound_ThrowsNotFound" storage="c:\users\sathijadeshapriya\downloads\it center project 2\schedules-backend\tests\schedules.api.tests\bin\debug\net9.0\schedules.api.tests.dll" id="673a755c-d225-765a-037e-2f35708ffd12">
      <Execution id="95136f0e-d3b3-459a-aeb8-af7c64a3d7bb" />
      <TestMethod codeBase="C:\Users\SathijaDeshapriya\Downloads\IT Center Project 2\schedules-backend\tests\Schedules.Api.Tests\bin\Debug\net9.0\Schedules.Api.Tests.dll" adapterTypeName="executor://xunit/VsTestRunner2/netcoreapp" className="Schedules.Api.Tests.TaskServiceTests" name="AddNoteAsync_TaskNotFound_ThrowsNotFound" />
    </UnitTest>
    <UnitTest name="Schedules.Api.Tests.ControllerAttributeTests.SchedulesController_EnforcesPolicies(methodName: &quot;Delete&quot;, expectedPolicy: &quot;AdminOnly&quot;)" storage="c:\users\sathijadeshapriya\downloads\it center project 2\schedules-backend\tests\schedules.api.tests\bin\debug\net9.0\schedules.api.tests.dll" id="16d025f3-8677-77d7-d64f-a296c1f87d3d">
      <Execution id="4ec9904f-e194-4e43-9504-ec925f04b239" />
      <TestMethod codeBase="C:\Users\SathijaDeshapriya\Downloads\IT Center Project 2\schedules-backend\tests\Schedules.Api.Tests\bin\Debug\net9.0\Schedules.Api.Tests.dll" adapterTypeName="executor://xunit/VsTestRunner2/netcoreapp" className="Schedules.Api.Tests.ControllerAttributeTests" name="SchedulesController_EnforcesPolicies" />
    </UnitTest>
    <UnitTest name="Schedules.Api.Tests.ValidatorTests.CreateTaskRequestValidator_FailsWhenTooManyTags" storage="c:\users\sathijadeshapriya\downloads\it center project 2\schedules-backend\tests\schedules.api.tests\bin\debug\net9.0\schedules.api.tests.dll" id="b6172945-991d-9d37-d9fd-8c6e5ea21bf2">
      <Execution id="4cc97498-caa6-452a-a8d3-5dd09e0d8e7c" />
      <TestMethod codeBase="C:\Users\SathijaDeshapriya\Downloads\IT Center Project 2\schedules-backend\tests\Schedules.Api.Tests\bin\Debug\net9.0\Schedules.Api.Tests.dll" adapterTypeName="executor://xunit/VsTestRunner2/netcoreapp" className="Schedules.Api.Tests.ValidatorTests" name="CreateTaskRequestValidator_FailsWhenTooManyTags" />
    </UnitTest>
  </TestDefinitions>
  <TestEntries>
    <TestEntry testId="90300c6c-1f2f-514f-128e-706e173f76da" executionId="60535d7b-0996-40bd-9fa7-313b9dc0979b" testListId="8c84fa94-04c1-424b-9868-57a2d4851a1d" />
    <TestEntry testId="5b6e750b-cd47-42c9-1a52-25ec7973ec20" executionId="a921544b-c673-4c61-8ed9-7ad86e85efac" testListId="8c84fa94-04c1-424b-9868-57a2d4851a1d" />
    <TestEntry testId="4a8da91a-91dc-2025-d0c5-fac08b5088bd" executionId="572bc18c-05b4-43c0-bcaf-2a40c78aee1d" testListId="8c84fa94-04c1-424b-9868-57a2d4851a1d" />
    <TestEntry testId="ad6a43d8-7530-51bb-73b7-0322f5b4e055" executionId="5038ee38-f041-4081-9176-6eb05129eae6" testListId="8c84fa94-04c1-424b-9868-57a2d4851a1d" />
    <TestEntry testId="803f1962-40bb-4771-58d8-607c9f84e39c" executionId="ff67828b-1b16-4c28-8877-d27be89af786" testListId="8c84fa94-04c1-424b-9868-57a2d4851a1d" />
    <TestEntry testId="16d025f3-8677-77d7-d64f-a296c1f87d3d" executionId="4ec9904f-e194-4e43-9504-ec925f04b239" testListId="8c84fa94-04c1-424b-9868-57a2d4851a1d" />
    <TestEntry testId="beedcd1c-822d-3976-614d-9cfbc7b1a9f1" executionId="2eda8088-ab4f-413e-8748-d0ec91ebc7f6" testListId="8c84fa94-04c1-424b-9868-57a2d4851a1d" />
    <TestEntry testId="b1e8653f-c5cc-ff1e-0609-d203725988f9" executionId="e6712339-e8d8-41fa-94ad-fb0308e79a0e" testListId="8c84fa94-04c1-424b-9868-57a2d4851a1d" />
    <TestEntry testId="6024ce6a-b216-1869-28f5-80af0620a86d" executionId="09e28cf4-c6db-4eb5-944c-af6a8a2dfeaf" testListId="8c84fa94-04c1-424b-9868-57a2d4851a1d" />
    <TestEntry testId="d969cb19-f0a6-6998-1f2e-33dceaaaf27a" executionId="bfc4721b-4922-4277-a5e8-a16908f5804e" testListId="8c84fa94-04c1-424b-9868-57a2d4851a1d" />
    <TestEntry testId="7e286616-b64b-8077-a4ad-2cf8352be4c4" executionId="a2719a03-65c8-4bc9-b573-4dc2dace439c" testListId="8c84fa94-04c1-424b-9868-57a2d4851a1d" />
    <TestEntry testId="cd9b15f4-d2ba-b356-272a-356095e4c9f7" executionId="0be20843-5322-4e03-92a7-b07d24b0adfa" testListId="8c84fa94-04c1-424b-9868-57a2d4851a1d" />
    <TestEntry testId="fdb9fb72-ed09-284a-08ff-8762478988ab" executionId="dcddc117-637f-4f8a-939f-13e0943929c8" testListId="8c84fa94-04c1-424b-9868-57a2d4851a1d" />
    <TestEntry testId="673a755c-d225-765a-037e-2f35708ffd12" executionId="95136f0e-d3b3-459a-aeb8-af7c64a3d7bb" testListId="8c84fa94-04c1-424b-9868-57a2d4851a1d" />
    <TestEntry testId="cc925a70-4ce9-e610-41f7-c3dda18230ce" executionId="ebcf5783-1678-4d48-9463-87f68ebea3ee" testListId="8c84fa94-04c1-424b-9868-57a2d4851a1d" />
    <TestEntry testId="6c1cf5bc-0e8e-4ca3-ce54-2c9863260749" executionId="2c0d3eda-e637-48e0-9b62-260e482fca78" testListId="8c84fa94-04c1-424b-9868-57a2d4851a1d" />
    <TestEntry testId="67c86193-6d5e-b06b-7d61-cd8c349ede3e" executionId="a1f38c1a-436a-4501-a70c-98639a69d2e4" testListId="8c84fa94-04c1-424b-9868-57a2d4851a1d" />
    <TestEntry testId="85655017-1006-0579-1e4e-ede5a3da32b2" executionId="02d05159-063a-42fa-b0f8-8fffee5602da" testListId="8c84fa94-04c1-424b-9868-57a2d4851a1d" />
    <TestEntry testId="cdbf1a2a-e5b2-d6f7-33b2-39b12a27b238" executionId="45e81f4d-0ca9-46de-be87-d56c4d5e3858" testListId="8c84fa94-04c1-424b-9868-57a2d4851a1d" />
    <TestEntry testId="be80ec8a-a912-f4e7-be5d-48afcf36e5d5" executionId="882f9823-e49c-4d84-b669-597eea99cb92" testListId="8c84fa94-04c1-424b-9868-57a2d4851a1d" />
    <TestEntry testId="e7ec11dd-44da-621d-6f3e-bdec78c5124a" executionId="86adda97-e647-4f10-8366-6a44120abc76" testListId="8c84fa94-04c1-424b-9868-57a2d4851a1d" />
    <TestEntry testId="0592b8e6-a71f-2885-8c47-8cf7cf0f369c" executionId="feb931ec-d72d-4346-86c7-632c62f58954" testListId="8c84fa94-04c1-424b-9868-57a2d4851a1d" />
    <TestEntry testId="8903a8a5-7428-e737-095c-9a9c3dc2accc" executionId="8b1ba103-4d2b-47e0-a004-2295443171d9" testListId="8c84fa94-04c1-424b-9868-57a2d4851a1d" />
    <TestEntry testId="5f22625b-fae3-c26b-25b7-f28ccc16aca0" executionId="eae82428-3111-458d-a72e-bee45b1c39ce" testListId="8c84fa94-04c1-424b-9868-57a2d4851a1d" />
    <TestEntry testId="b90ed898-3b7e-bffa-5bd2-521c406c34b0" executionId="e59c9ce4-8904-4a35-982b-7f51220aeb4b" testListId="8c84fa94-04c1-424b-9868-57a2d4851a1d" />
    <TestEntry testId="332adede-a486-b8b0-8b21-5888d348d529" executionId="926d6c26-72e0-4354-90a8-0e7282cf4337" testListId="8c84fa94-04c1-424b-9868-57a2d4851a1d" />
    <TestEntry testId="a2e2a5f3-0956-216c-20f8-134de4405b2e" executionId="1ebe08ae-7b32-463a-9dc9-1c2f9c8ee24c" testListId="8c84fa94-04c1-424b-9868-57a2d4851a1d" />
    <TestEntry testId="7ec7603e-016e-2df5-2d71-3f830719f723" executionId="28bd7a04-3ba1-4551-9faa-83446076a958" testListId="8c84fa94-04c1-424b-9868-57a2d4851a1d" />
    <TestEntry testId="b6172945-991d-9d37-d9fd-8c6e5ea21bf2" executionId="4cc97498-caa6-452a-a8d3-5dd09e0d8e7c" testListId="8c84fa94-04c1-424b-9868-57a2d4851a1d" />
    <TestEntry testId="94899363-444a-2315-5106-e3e1e5c1d61c" executionId="8af9e6a5-88a8-4e90-9d14-0d7200939564" testListId="8c84fa94-04c1-424b-9868-57a2d4851a1d" />
    <TestEntry testId="854301d7-0184-898a-4ac8-de85a0b18149" executionId="18fd2209-af68-44e8-898a-eab67de07771" testListId="8c84fa94-04c1-424b-9868-57a2d4851a1d" />
    <TestEntry testId="d80bfb29-47dc-adca-6def-c378e9350d43" executionId="3775adfc-8d3c-4415-a753-6eb2d71d90e9" testListId="8c84fa94-04c1-424b-9868-57a2d4851a1d" />
  </TestEntries>
  <TestLists>
    <TestList name="Results Not in a List" id="8c84fa94-04c1-424b-9868-57a2d4851a1d" />
    <TestList name="All Loaded Results" id="19431567-8539-422a-85d7-44ee4e166bda" />
  </TestLists>
  <ResultSummary outcome="Completed">
    <Counters total="32" executed="32" passed="32" failed="0" error="0" timeout="0" aborted="0" inconclusive="0" passedButRunAborted="0" notRunnable="0" notExecuted="0" disconnected="0" warning="0" completed="0" inProgress="0" pending="0" />
    <Output>
      <StdOut>[xUnit.net 00:00:00.01] xUnit.net VSTest Adapter v2.8.0+6438bb880a (64-bit .NET 9.0.11)&#xD;
[xUnit.net 00:00:02.22]   Discovering: Schedules.Api.Tests&#xD;
[xUnit.net 00:00:02.87]   Discovered:  Schedules.Api.Tests&#xD;
[xUnit.net 00:00:02.89]   Starting:    Schedules.Api.Tests&#xD;
[TaskService.AddNoteAsync] Adding note to task 01b63fff-8827-4e6f-aef5-d7836d8abda2&#xD;
[ScheduleService] ?? Found 1 conflicting schedule(s):&#xD;
[TaskService.AddNoteAsync] Task 01b63fff-8827-4e6f-aef5-d7836d8abda2 not found&#xD;
[TaskService.AddNoteAsync] ? ERROR: Task 01b63fff-8827-4e6f-aef5-d7836d8abda2 not found&#xD;
[TaskService.AddNoteAsync] Exception type: NotFoundException&#xD;
[ScheduleService]   - ScheduleId: b9e8c6b2-5778-4d1a-a90c-9397fc3769dc, Title: Existing Shift, Start: 11/26/2025 6:39:30 PM +00:00, End: 11/26/2025 7:39:30 PM +00:00&#xD;
[TaskService.AddNoteAsync] Stack trace:    at Schedules.Services.TaskService.AddNoteAsync(Guid taskId, CreateTaskNoteRequest request, Int64 actorId, CancellationToken cancellationToken) in C:\Users\SathijaDeshapriya\Downloads\IT Center Project 2\schedules-backend\src\Schedules.Api\Services\TaskService.cs:line 167&#xD;
[ScheduleService.GetAsync] Executing count query...&#xD;
[ScheduleService.GetAsync] Count result: 2&#xD;
[ScheduleService.GetAsync] Executing data query with Include...&#xD;
[TaskService.AddNoteAsync] Adding note to task 86edf934-1200-4af2-a2f3-d70ed5c94bbb&#xD;
[TaskService.AddNoteAsync] Found task: Task With Notes&#xD;
[TaskService.AddNoteAsync] Created new note with ID: 9c3cacdb-7770-4b22-98a8-56a9172b0b36&#xD;
[TaskService.AddNoteAsync] Saving note...&#xD;
[TaskService.AddNoteAsync] ? Note saved successfully&#xD;
[ScheduleService.GetAsync] Retrieved 2 schedules&#xD;
[ScheduleService.GetAsync] Mapping schedules to response...&#xD;
[TaskService.AddNoteAsync] Mapping to response...&#xD;
[ScheduleService.GetAsync] Mapping completed. 2 items mapped&#xD;
[TaskService.AddNoteAsync] ? Mapping completed&#xD;
[TaskService.UpdateAsync] Updating task 1b4a5fc3-90cc-4953-bd99-6acecc75050d&#xD;
[TaskService.UpdateAsync] Found task: Initial Task&#xD;
[TaskService.UpdateAsync] Updated Title: Updated Task&#xD;
[TaskService.UpdateAsync] Updated Priority: High&#xD;
[TaskService.UpdateAsync] Updated Status: InProgress&#xD;
[TaskService.UpdateAsync] Saving changes...&#xD;
[TaskService.UpdateAsync] ? Changes saved successfully&#xD;
[TaskService.UpdateAsync] Mapping to response...&#xD;
[TaskService.UpdateAsync] ? Mapping completed&#xD;
[TaskService.UpdateAsync] Updating task f6271dad-8bf5-4824-bf89-1c9249062e56&#xD;
[TaskService.UpdateAsync] Task f6271dad-8bf5-4824-bf89-1c9249062e56 not found&#xD;
[TaskService.UpdateAsync] ? ERROR: Task f6271dad-8bf5-4824-bf89-1c9249062e56 not found&#xD;
[TaskService.UpdateAsync] Exception type: NotFoundException&#xD;
[TaskService.UpdateAsync] Stack trace:    at Schedules.Services.TaskService.UpdateAsync(Guid taskId, UpdateTaskRequest request, CancellationToken cancellationToken) in C:\Users\SathijaDeshapriya\Downloads\IT Center Project 2\schedules-backend\src\Schedules.Api\Services\TaskService.cs:line 85&#xD;
[ScheduleService] ?? Found 1 conflicting schedule(s):&#xD;
[ScheduleService]   - ScheduleId: ab99fd30-2f61-4515-b783-23b437d2eb72, Title: Existing Shift, Start: 11/26/2025 5:39:33 PM +00:00, End: 11/26/2025 6:39:33 PM +00:00&#xD;
[ScheduleService] ? No conflicts found for userId=42, start=11/26/2025 9:39:33 AM +00:00, end=11/26/2025 10:39:33 AM +00:00&#xD;
[ScheduleService] Adding schedule to context: 98fbba43-57a4-4feb-9230-24824d1f7078&#xD;
[ScheduleService] Schedule details: UserId=42, Title=Planning, StartTime=11/26/2025 9:39:33 AM +00:00&#xD;
[ScheduleService] ? SaveChangesAsync completed. Saved 2 entity/entities&#xD;
[xUnit.net 00:00:10.06]   Finished:    Schedules.Api.Tests&#xD;
</StdOut>
    </Output>
  </ResultSummary>
</TestRun>